<component name="libraryTable">
  <library name="junit-4.121">
    <CLASSES>
      <root url="jar://$PROJECT_DIR$/junit-4.12.jar!/" />
      <root url="jar://$PROJECT_DIR$/hamcrest-core-1.3.jar!/" />
    </CLASSES>
    <JAVADOC />
    <SOURCES />
  </library>
</component>